2021-03-19_18:45:09 — :streamlabs!streamlabs@streamlabs.tmi.twitch.tv PRIVMSG #huskerrs :HusKerrs is now powered by GFuel! Use code “HUSKERRS” at checkout to receive a discount and support the stream!

2021-03-19_18:45:17 — :takismakislakis!takismakislakis@takismakislakis.tmi.twitch.tv PRIVMSG #huskerrs :nice shots

2021-03-19_18:45:24 — :dabadooya710!dabadooya710@dabadooya710.tmi.twitch.tv PRIVMSG #huskerrs :how many does z have tho

2021-03-19_18:45:35 — :vanzery!vanzery@vanzery.tmi.twitch.tv PRIVMSG #huskerrs :@ronaldoncod 250 for Laner huskS

2021-03-19_18:45:36 — :streamlabs!streamlabs@streamlabs.tmi.twitch.tv PRIVMSG #huskerrs :Be sure to follow @HusKerrs on Twitter/Instagram/YouTube to stay updated! Twitter.com/HusKerrs Instagram.com/HusKerrs YouTube.com/HusKerrs

2021-03-19_18:45:41 — :ronaldoncod!ronaldoncod@ronaldoncod.tmi.twitch.tv PRIVMSG #huskerrs :@vanzery yep

2021-03-19_18:45:42 — :bucaqe!bucaqe@bucaqe.tmi.twitch.tv PRIVMSG #huskerrs :LOLLL

2021-03-19_18:45:42 — :iose!iose@iose.tmi.twitch.tv PRIVMSG #huskerrs :dahveeeeee haha brooo that makes me so happy haha. i think reddit might be the worst of all of them tho. soon as they see a pc player its gg lol

2021-03-19_18:45:46 — :ryannnb2717!ryannnb2717@ryannnb2717.tmi.twitch.tv PRIVMSG #huskerrs :Z on another level rn

2021-03-19_18:45:49 — :bking556!bking556@bking556.tmi.twitch.tv PRIVMSG #huskerrs :What's good yall

2021-03-19_18:45:57 — :bucaqe!bucaqe@bucaqe.tmi.twitch.tv PRIVMSG #huskerrs :hipfire is shit

2021-03-19_18:46:01 — :davidofoo!davidofoo@davidofoo.tmi.twitch.tv PRIVMSG #huskerrs :that kid was kinda cracked ngl

2021-03-19_18:46:06 — :streamlabs!streamlabs@streamlabs.tmi.twitch.tv PRIVMSG #huskerrs :Check out my chair! Secret Lab Titan Classic. Purchase one NOW! http://bit.ly/HusKerrs_Secretlab

2021-03-19_18:46:08 — :michaelwithabeee!michaelwithabeee@michaelwithabeee.tmi.twitch.tv PRIVMSG #huskerrs :thats a rip

2021-03-19_18:46:08 — :zubb92!zubb92@zubb92.tmi.twitch.tv PRIVMSG #huskerrs :@ryannnb2717 you mean the guy that just died? lol

2021-03-19_18:46:10 — :cap28og!cap28og@cap28og.tmi.twitch.tv PRIVMSG #huskerrs :jailbreak

2021-03-19_18:46:46 — :gibbeh01!gibbeh01@gibbeh01.tmi.twitch.tv PRIVMSG #huskerrs :@huskerrs what capture card do you use?

2021-03-19_18:46:55 — :dahveeeeee!dahveeeeee@dahveeeeee.tmi.twitch.tv PRIVMSG #huskerrs :@Iose lolol exactly. there's a youtube video in csgo where a guy buys hacks to show everyone what it looks like and honestly once you've seen that video you start holding your tongue for haccusations tbh. good hacks are haaard to spot.

2021-03-19_18:46:55 — :polarah247!polarah247@polarah247.tmi.twitch.tv PRIVMSG #huskerrs :this aug meta is not working out for you huskRage huskRage

2021-03-19_18:46:57 — :ryannnb2717!ryannnb2717@ryannnb2717.tmi.twitch.tv PRIVMSG #huskerrs :@zubb92 Zs insane why you crying for? why can't other people be good

2021-03-19_18:47:00 — :sweaty_stan!sweaty_stan@sweaty_stan.tmi.twitch.tv PRIVMSG #huskerrs :lets go z

2021-03-19_18:47:02 — :starcocanon4131!starcocanon4131@starcocanon4131.tmi.twitch.tv PRIVMSG #huskerrs :!rage

2021-03-19_18:47:02 — :streamlabs!streamlabs@streamlabs.tmi.twitch.tv PRIVMSG #huskerrs :https://clips.twitch.tv/PricklyElegantTomatoPMSTwin-BRxBOPpCXMTRirb8 huskRage huskRage huskRage huskRage huskRage huskRage huskRage huskRage huskRage huskRage huskRage huskRage huskRage huskRage huskRage huskRage huskRage huskRage huskRage huskRage huskRage huskRage huskRage huskRage huskRage huskRage huskRage huskRage huskRage huskRage huskRage huskRage huskRage huskRage huskRage huskRage huskRage huskRage huskRage huskRage huskRage huskRage huskRage huskRage huskRage

2021-03-19_18:47:09 — :woounleashed1!woounleashed1@woounleashed1.tmi.twitch.tv PRIVMSG #huskerrs :is this still tourney?

2021-03-19_18:47:16 — :sweaty_stan!sweaty_stan@sweaty_stan.tmi.twitch.tv PRIVMSG #huskerrs :@woounleashed1 wagers

2021-03-19_18:47:21 — :woounleashed1!woounleashed1@woounleashed1.tmi.twitch.tv PRIVMSG #huskerrs :thanks

2021-03-19_18:47:25 — :moose_0315!moose_0315@moose_0315.tmi.twitch.tv PRIVMSG #huskerrs :!rage

2021-03-19_18:47:26 — :streamlabs!streamlabs@streamlabs.tmi.twitch.tv PRIVMSG #huskerrs :https://clips.twitch.tv/PricklyElegantTomatoPMSTwin-BRxBOPpCXMTRirb8 huskRage huskRage huskRage huskRage huskRage huskRage huskRage huskRage huskRage huskRage huskRage huskRage huskRage huskRage huskRage huskRage huskRage huskRage huskRage huskRage huskRage huskRage huskRage huskRage huskRage huskRage huskRage huskRage huskRage huskRage huskRage huskRage huskRage huskRage huskRage huskRage huskRage huskRage huskRage huskRage huskRage huskRage huskRage huskRage huskRage

2021-03-19_18:47:51 — :pure_thulium!pure_thulium@pure_thulium.tmi.twitch.tv PRIVMSG #huskerrs :At least with CS, you could record and review clips within the game and turn wireframes on

2021-03-19_18:47:52 — :iose!iose@iose.tmi.twitch.tv PRIVMSG #huskerrs :dahveeeeee is it easy to find that video? i might have to bother you for a link lol

